<?xml version="1.0" encoding="UTF-8"?>
<robot generator="Robot 4.1.3 (Python 3.10.2 on win32)" generated="20220212 11:29:11.386" rpa="false" schemaversion="2">
<suite id="s1" name="Verify Add Patient Suite" source="C:\Users\Deepika M\PycharmProjects\RobotFrameworkproject\Patient_suite\verify_add_patient_suite.robot">
<test id="s1-t1" name="TC1">
<kw name="Launch Browser" library="common_functionality" type="SETUP">
<kw name="Open Browser" library="SeleniumLibrary">
<arg>browser=chrome</arg>
<arg>executable_path=${EXECDIR}${/}driver${/}chromedriver.exe</arg>
<doc>Opens a new browser instance to the optional ``url``.</doc>
<msg timestamp="20220212 11:29:11.956" level="INFO">Opening browser 'chrome' to base url 'None'.</msg>
<status status="PASS" starttime="20220212 11:29:11.956" endtime="20220212 11:29:16.275"/>
</kw>
<kw name="Maximize Browser Window" library="SeleniumLibrary">
<doc>Maximizes current browser window.</doc>
<status status="PASS" starttime="20220212 11:29:16.275" endtime="20220212 11:29:16.397"/>
</kw>
<kw name="Set Selenium Implicit Wait" library="SeleniumLibrary">
<arg>30s</arg>
<doc>Sets the implicit wait value used by Selenium.</doc>
<status status="PASS" starttime="20220212 11:29:16.397" endtime="20220212 11:29:16.402"/>
</kw>
<kw name="Go To" library="SeleniumLibrary">
<arg>url=https://demo.openemr.io/b/openemr</arg>
<doc>Navigates the current browser window to the provided ``url``.</doc>
<msg timestamp="20220212 11:29:16.402" level="INFO">Opening url 'https://demo.openemr.io/b/openemr'</msg>
<status status="PASS" starttime="20220212 11:29:16.402" endtime="20220212 11:29:28.299"/>
</kw>
<status status="PASS" starttime="20220212 11:29:11.956" endtime="20220212 11:29:28.299"/>
</kw>
<kw name="Verify add patients Template">
<arg>admin</arg>
<arg>pass</arg>
<arg>English (Indian)</arg>
<kw name="Input Text" library="SeleniumLibrary">
<arg>id=authUser</arg>
<arg>${username}</arg>
<doc>Types the given ``text`` into the text field identified by ``locator``.</doc>
<msg timestamp="20220212 11:29:28.306" level="INFO">Typing text 'admin' into text field 'id=authUser'.</msg>
<status status="PASS" starttime="20220212 11:29:28.299" endtime="20220212 11:29:28.426"/>
</kw>
<kw name="Input Password" library="SeleniumLibrary">
<arg>id=clearPass</arg>
<arg>${password}</arg>
<doc>Types the given password into the text field identified by ``locator``.</doc>
<msg timestamp="20220212 11:29:28.426" level="INFO">Typing password into text field 'id=clearPass'.</msg>
<msg timestamp="20220212 11:29:28.486" level="INFO">Temporally setting log level to: NONE</msg>
<msg timestamp="20220212 11:29:28.571" level="INFO">Log level changed from NONE to INFO.</msg>
<status status="PASS" starttime="20220212 11:29:28.426" endtime="20220212 11:29:28.571"/>
</kw>
<kw name="Select From List By Label" library="SeleniumLibrary">
<arg>name=languageChoice</arg>
<arg>${language}</arg>
<doc>Selects options from selection list ``locator`` by ``labels``.</doc>
<msg timestamp="20220212 11:29:28.571" level="INFO">Selecting options from selection list 'name=languageChoice' by label English (Indian).</msg>
<status status="PASS" starttime="20220212 11:29:28.571" endtime="20220212 11:29:28.725"/>
</kw>
<kw name="Click Element" library="SeleniumLibrary">
<arg>xpath=//button[@type='submit']</arg>
<doc>Click the element identified by ``locator``.</doc>
<msg timestamp="20220212 11:29:28.725" level="INFO">Clicking element 'xpath=//button[@type='submit']'.</msg>
<status status="PASS" starttime="20220212 11:29:28.725" endtime="20220212 11:29:34.192"/>
</kw>
<kw name="Click Element" library="SeleniumLibrary">
<arg>xpath=//div[text()='Patient/Client']</arg>
<doc>Click the element identified by ``locator``.</doc>
<msg timestamp="20220212 11:29:34.192" level="INFO">Clicking element 'xpath=//div[text()='Patient/Client']'.</msg>
<status status="PASS" starttime="20220212 11:29:34.192" endtime="20220212 11:29:34.273"/>
</kw>
<kw name="Click Element" library="SeleniumLibrary">
<arg>xpath=//div[text()='Patients']</arg>
<doc>Click the element identified by ``locator``.</doc>
<msg timestamp="20220212 11:29:34.273" level="INFO">Clicking element 'xpath=//div[text()='Patients']'.</msg>
<status status="PASS" starttime="20220212 11:29:34.273" endtime="20220212 11:29:34.394"/>
</kw>
<kw name="Click Element" library="SeleniumLibrary">
<arg>xpath=//button[text()='Add New Patient']</arg>
<doc>Click the element identified by ``locator``.</doc>
<msg timestamp="20220212 11:29:34.394" level="INFO">Clicking element 'xpath=//button[text()='Add New Patient']'.</msg>
<msg timestamp="20220212 11:30:04.627" level="INFO" html="true">&lt;/td&gt;&lt;/tr&gt;&lt;tr&gt;&lt;td colspan="3"&gt;&lt;a href="selenium-screenshot-23.png"&gt;&lt;img src="selenium-screenshot-23.png" width="800px"&gt;&lt;/a&gt;</msg>
<msg timestamp="20220212 11:30:04.734" level="FAIL">Element with locator 'xpath=//button[text()='Add New Patient']' not found.</msg>
<status status="FAIL" starttime="20220212 11:29:34.394" endtime="20220212 11:30:04.734"/>
</kw>
<kw name="Input Text" library="SeleniumLibrary">
<arg>xpath=//input[@id='form_fname']</arg>
<arg>puni</arg>
<doc>Types the given ``text`` into the text field identified by ``locator``.</doc>
<status status="NOT RUN" starttime="20220212 11:30:04.734" endtime="20220212 11:30:04.734"/>
</kw>
<kw name="Input Text" library="SeleniumLibrary">
<arg>xpath=//input[@id='form_lname']</arg>
<arg>raj</arg>
<doc>Types the given ``text`` into the text field identified by ``locator``.</doc>
<status status="NOT RUN" starttime="20220212 11:30:04.734" endtime="20220212 11:30:04.734"/>
</kw>
<kw name="Click Element" library="SeleniumLibrary">
<arg>xpath=//input[@id='form_DOB']</arg>
<doc>Click the element identified by ``locator``.</doc>
<status status="NOT RUN" starttime="20220212 11:30:04.734" endtime="20220212 11:30:04.734"/>
</kw>
<kw name="Click Element" library="SeleniumLibrary">
<arg>xpath=//div[text()='11']</arg>
<doc>Click the element identified by ``locator``.</doc>
<status status="NOT RUN" starttime="20220212 11:30:04.734" endtime="20220212 11:30:04.734"/>
</kw>
<kw name="Select From List By Label" library="SeleniumLibrary">
<arg>id=form_sex</arg>
<arg>Female</arg>
<doc>Selects options from selection list ``locator`` by ``labels``.</doc>
<status status="NOT RUN" starttime="20220212 11:30:04.734" endtime="20220212 11:30:04.734"/>
</kw>
<kw name="Click Element" library="SeleniumLibrary">
<arg>id=create</arg>
<doc>Click the element identified by ``locator``.</doc>
<status status="NOT RUN" starttime="20220212 11:30:04.734" endtime="20220212 11:30:04.734"/>
</kw>
<kw name="Sleep" library="BuiltIn">
<arg>5s</arg>
<doc>Pauses the test executed for the given time.</doc>
<status status="NOT RUN" starttime="20220212 11:30:04.734" endtime="20220212 11:30:04.734"/>
</kw>
<kw name="Handle Alert" library="SeleniumLibrary">
<var>${alert_text}</var>
<arg>action=ACCEPT</arg>
<arg>timeout=10s</arg>
<doc>Handles the current alert and returns its message.</doc>
<status status="NOT RUN" starttime="20220212 11:30:04.734" endtime="20220212 11:30:04.734"/>
</kw>
<status status="FAIL" starttime="20220212 11:29:28.299" endtime="20220212 11:30:04.734"/>
</kw>
<status status="FAIL" starttime="20220212 11:29:11.956" endtime="20220212 11:30:04.734">Element with locator 'xpath=//button[text()='Add New Patient']' not found.</status>
</test>
<doc>This suite file verifies all test cases related to valid credentials</doc>
<status status="FAIL" starttime="20220212 11:29:11.386" endtime="20220212 11:30:04.742"/>
</suite>
<statistics>
<total>
<stat pass="0" fail="1" skip="0">All Tests</stat>
</total>
<tag>
</tag>
<suite>
<stat pass="0" fail="1" skip="0" id="s1" name="Verify Add Patient Suite">Verify Add Patient Suite</stat>
</suite>
</statistics>
<errors>
</errors>
</robot>
